Start testing: Apr 30 00:03 CEST
----------------------------------------------------------
1/4 Testing: TP1
1/4 Test: TP1
Command: "/home/alexandre/Documents/python/modelisationC-/build/test/Dvector_test"
Directory: /home/alexandre/Documents/python/modelisationC-/build/test
"TP1" start time: Apr 30 00:03 CEST
Output:
----------------------------------------------------------
ERROR : Unable to open file
<end of output>
Test time =   0.00 sec
----------------------------------------------------------
Test Failed.
"TP1" end time: Apr 30 00:03 CEST
"TP1" time elapsed: 00:00:00
----------------------------------------------------------

2/4 Testing: TP2
2/4 Test: TP2
Command: "/home/alexandre/Documents/python/modelisationC-/build/test/Operator_test"
Directory: /home/alexandre/Documents/python/modelisationC-/build/test
"TP2" start time: Apr 30 00:03 CEST
Output:
----------------------------------------------------------
OK
<end of output>
Test time =   0.00 sec
----------------------------------------------------------
Test Passed.
"TP2" end time: Apr 30 00:03 CEST
"TP2" time elapsed: 00:00:00
----------------------------------------------------------

Unable to find executable: Height_test
3/4 Testing: TP3.1
3/4 Test: TP3.1
Command: ""
Directory: /home/alexandre/Documents/python/modelisationC-/build/test
"TP3.1" start time: 
Output:
----------------------------------------------------------
<end of output>
Test time =   0.00 sec
----------------------------------------------------------
Test Passed.
"TP3.1" end time: Apr 30 00:03 CEST
"TP3.1" time elapsed: 00:00:00
----------------------------------------------------------

Unable to find executable: Gerstner_test
4/4 Testing: TP3.2
4/4 Test: TP3.2
Command: ""
Directory: /home/alexandre/Documents/python/modelisationC-/build/test
"TP3.2" start time: 
Output:
----------------------------------------------------------
<end of output>
Test time =   0.00 sec
----------------------------------------------------------
Test Passed.
"TP3.2" end time: Apr 30 00:03 CEST
"TP3.2" time elapsed: 00:00:00
----------------------------------------------------------

End testing: Apr 30 00:03 CEST
