Start testing: Apr 30 18:42 CEST
----------------------------------------------------------
1/4 Testing: TP1
1/4 Test: TP1
Command: "/user/5/.base/poupeaua/home/Documents/2A/modelisation/TP1_balloua_poupeaua/build/test/Dvector_test"
Directory: /user/5/.base/poupeaua/home/Documents/2A/modelisation/TP1_balloua_poupeaua/build/test
"TP1" start time: Apr 30 18:42 CEST
Output:
----------------------------------------------------------
ERROR : Unable to open file
<end of output>
Test time =   0.01 sec
----------------------------------------------------------
Test Failed.
"TP1" end time: Apr 30 18:42 CEST
"TP1" time elapsed: 00:00:00
----------------------------------------------------------

2/4 Testing: TP2
2/4 Test: TP2
Command: "/user/5/.base/poupeaua/home/Documents/2A/modelisation/TP1_balloua_poupeaua/build/test/Operator_test"
Directory: /user/5/.base/poupeaua/home/Documents/2A/modelisation/TP1_balloua_poupeaua/build/test
"TP2" start time: Apr 30 18:42 CEST
Output:
----------------------------------------------------------
OK
<end of output>
Test time =   0.01 sec
----------------------------------------------------------
Test Passed.
"TP2" end time: Apr 30 18:42 CEST
"TP2" time elapsed: 00:00:00
----------------------------------------------------------

3/4 Testing: TP3.1
3/4 Test: TP3.1
Command: "/user/5/.base/poupeaua/home/Documents/2A/modelisation/TP1_balloua_poupeaua/build/test/Height_test"
Directory: /user/5/.base/poupeaua/home/Documents/2A/modelisation/TP1_balloua_poupeaua/build/test
"TP3.1" start time: Apr 30 18:42 CEST
Output:
----------------------------------------------------------
OK
<end of output>
Test time =   0.01 sec
----------------------------------------------------------
Test Passed.
"TP3.1" end time: Apr 30 18:42 CEST
"TP3.1" time elapsed: 00:00:00
----------------------------------------------------------

4/4 Testing: TP3.2
4/4 Test: TP3.2
Command: "/user/5/.base/poupeaua/home/Documents/2A/modelisation/TP1_balloua_poupeaua/build/test/GerstnerWave_test"
Directory: /user/5/.base/poupeaua/home/Documents/2A/modelisation/TP1_balloua_poupeaua/build/test
"TP3.2" start time: Apr 30 18:42 CEST
Output:
----------------------------------------------------------
OK
<end of output>
Test time =   0.01 sec
----------------------------------------------------------
Test Passed.
"TP3.2" end time: Apr 30 18:42 CEST
"TP3.2" time elapsed: 00:00:00
----------------------------------------------------------

End testing: Apr 30 18:42 CEST
