Start testing: Apr 13 09:19 CEST
----------------------------------------------------------
1/3 Testing: TP1
1/3 Test: TP1
Command: "/user/5/.base/poupeaua/home/Documents/2A/modelisation/TP1_balloua_poupeaua/build/test/Dvector_test"
Directory: /user/5/.base/poupeaua/home/Documents/2A/modelisation/TP1_balloua_poupeaua/build/test
"TP1" start time: Apr 13 09:19 CEST
Output:
----------------------------------------------------------
OK
<end of output>
Test time =   0.01 sec
----------------------------------------------------------
Test Passed.
"TP1" end time: Apr 13 09:19 CEST
"TP1" time elapsed: 00:00:00
----------------------------------------------------------

2/3 Testing: TP2
2/3 Test: TP2
Command: "/user/5/.base/poupeaua/home/Documents/2A/modelisation/TP1_balloua_poupeaua/build/test/Operator_test"
Directory: /user/5/.base/poupeaua/home/Documents/2A/modelisation/TP1_balloua_poupeaua/build/test
"TP2" start time: Apr 13 09:19 CEST
Output:
----------------------------------------------------------
OK
<end of output>
Test time =   0.01 sec
----------------------------------------------------------
Test Passed.
"TP2" end time: Apr 13 09:19 CEST
"TP2" time elapsed: 00:00:00
----------------------------------------------------------

3/3 Testing: TP3
3/3 Test: TP3
Command: "/user/5/.base/poupeaua/home/Documents/2A/modelisation/TP1_balloua_poupeaua/build/test/Height_test"
Directory: /user/5/.base/poupeaua/home/Documents/2A/modelisation/TP1_balloua_poupeaua/build/test
"TP3" start time: Apr 13 09:19 CEST
Output:
----------------------------------------------------------
0 0 0 
0 0 0 
0 0 0 

3 3 3 3 3 

3 3 3 3 3 

5 
5 
5 
5 
5 

5 
5 
5 
5 
5 

1
<end of output>
Test time =   0.01 sec
----------------------------------------------------------
Test Passed.
"TP3" end time: Apr 13 09:19 CEST
"TP3" time elapsed: 00:00:00
----------------------------------------------------------

End testing: Apr 13 09:19 CEST
