<?xml version="1.0" encoding="UTF-8"?>
<Site BuildName="Linux-c++"
	BuildStamp="20180330-1353-Experimental"
	Name="ensipc369"
	Generator="ctest-2.8.12.2"
	CompilerName="/usr/bin/c++"
	OSName="Linux"
	Hostname="ensipc369"
	OSRelease="3.10.0-693.21.1.el7.x86_64"
	OSVersion="#1 SMP Wed Mar 7 19:03:37 UTC 2018"
	OSPlatform="x86_64"
	Is64Bits="1"
	VendorString="GenuineIntel"
	VendorID="Intel Corporation"
	FamilyID="6"
	ModelID="60"
	ProcessorCacheSize="6144"
	NumberOfLogicalCPU="4"
	NumberOfPhysicalCPU="4"
	TotalVirtualMemory="0"
	TotalPhysicalMemory="15830"
	LogicalProcessorsPerPhysical="1"
	ProcessorClockFrequency="3312.89"
>
<Build>
	<StartDateTime>Mar 30 15:53 CEST</StartDateTime>
	<StartBuildTime>1522418008</StartBuildTime>
<BuildCommand>/usr/bin/gmake -i</BuildCommand>
	<Log Encoding="base64" Compression="/bin/gzip">
	</Log>
	<EndDateTime>Mar 30 15:53 CEST</EndDateTime>
	<EndBuildTime>1522418009</EndBuildTime>
<ElapsedMinutes>0</ElapsedMinutes></Build>
</Site>
