<?xml version="1.0" encoding="UTF-8"?>
<Site BuildName="Linux-c++"
	BuildStamp="20180330-1353-Experimental"
	Name="ensipc369"
	Generator="ctest-2.8.12.2"
	CompilerName="/usr/bin/c++"
	OSName="Linux"
	Hostname="ensipc369"
	OSRelease="3.10.0-693.21.1.el7.x86_64"
	OSVersion="#1 SMP Wed Mar 7 19:03:37 UTC 2018"
	OSPlatform="x86_64"
	Is64Bits="1"
	VendorString="GenuineIntel"
	VendorID="Intel Corporation"
	FamilyID="6"
	ModelID="60"
	ProcessorCacheSize="6144"
	NumberOfLogicalCPU="4"
	NumberOfPhysicalCPU="4"
	TotalVirtualMemory="0"
	TotalPhysicalMemory="15830"
	LogicalProcessorsPerPhysical="1"
	ProcessorClockFrequency="3404.93"
>
<DynamicAnalysis Checker="Valgrind">
	<StartDateTime>Mar 30 16:00 CEST</StartDateTime>
	<StartTestTime>1522418434</StartTestTime>
	<TestList>
		<Test>./test/TP1</Test>
		<Test>./test/TP2</Test>
		<Test>./test/TP3</Test>
	</TestList>
	<Test Status="failed">
		<Name>TP2</Name>
		<Path>./test</Path>
		<FullName>./test/TP2</FullName>
		<FullCommandLine>/usr/bin/valgrind &quot;--log-file=/user/5/.base/poupeaua/home/Documents/2A/modelisation/TP1_balloua_poupeaua/build/Testing/Temporary/MemoryChecker.2.log&quot; &quot;-q&quot; &quot;--tool=memcheck&quot; &quot;--leak-check=yes&quot; &quot;--show-reachable=yes&quot; &quot;--num-callers=50&quot; &quot;/user/5/.base/poupeaua/home/Documents/2A/modelisation/TP1_balloua_poupeaua/build/test/Operator_test&quot;</FullCommandLine>
		<Results>
			<Defect type="Potential Memory Leak">7</Defect>
		</Results>
	<Log>
&lt;b&gt;MPK&lt;/b&gt; ==700== 16 bytes in 1 blocks are still reachable in loss record 1 of 7
==700==    at 0x4C2A8A8: operator new[](unsigned long) (vg_replace_malloc.c:423)
==700==    by 0x4E3809A: Dvector::Dvector() (Dvector.cpp:14)
==700==    by 0x401767: main (Operator_test.cpp:6)
==700== 
&lt;b&gt;MPK&lt;/b&gt; ==700== 16 bytes in 1 blocks are still reachable in loss record 2 of 7
==700==    at 0x4C2A8A8: operator new[](unsigned long) (vg_replace_malloc.c:423)
==700==    by 0x4E3814A: Dvector::Dvector(int, double) (Dvector.cpp:32)
==700==    by 0x40177F: main (Operator_test.cpp:8)
==700== 
&lt;b&gt;MPK&lt;/b&gt; ==700== 24 bytes in 1 blocks are still reachable in loss record 3 of 7
==700==    at 0x4C2A8A8: operator new[](unsigned long) (vg_replace_malloc.c:423)
==700==    by 0x4E3814A: Dvector::Dvector(int, double) (Dvector.cpp:32)
==700==    by 0x4017AC: main (Operator_test.cpp:10)
==700== 
&lt;b&gt;MPK&lt;/b&gt; ==700== 24 bytes in 1 blocks are still reachable in loss record 4 of 7
==700==    at 0x4C2A8A8: operator new[](unsigned long) (vg_replace_malloc.c:423)
==700==    by 0x4E3814A: Dvector::Dvector(int, double) (Dvector.cpp:32)
==700==    by 0x4017C8: main (Operator_test.cpp:12)
==700== 
&lt;b&gt;MPK&lt;/b&gt; ==700== 37 bytes in 1 blocks are still reachable in loss record 5 of 7
==700==    at 0x4C2A203: operator new(unsigned long) (vg_replace_malloc.c:334)
==700==    by 0x50F9CF8: std::string::_Rep::_S_create(unsigned long, unsigned long, std::allocator&amp;lt;char&amp;gt; const&amp;amp;) (in /usr/lib64/libstdc++.so.6.0.19)
==700==    by 0x50FB390: char* std::string::_S_construct&amp;lt;char*&amp;gt;(char*, char*, std::allocator&amp;lt;char&amp;gt; const&amp;amp;, std::forward_iterator_tag) (in /usr/lib64/libstdc++.so.6.0.19)
==700==    by 0x50D95F7: std::basic_stringstream&amp;lt;char, std::char_traits&amp;lt;char&amp;gt;, std::allocator&amp;lt;char&amp;gt; &amp;gt;::str() const (in /usr/lib64/libstdc++.so.6.0.19)
==700==    by 0x401866: main (Operator_test.cpp:27)
==700== 
&lt;b&gt;MPK&lt;/b&gt; ==700== 40 bytes in 1 blocks are still reachable in loss record 6 of 7
==700==    at 0x4C2A8A8: operator new[](unsigned long) (vg_replace_malloc.c:423)
==700==    by 0x4E3814A: Dvector::Dvector(int, double) (Dvector.cpp:32)
==700==    by 0x4017F5: main (Operator_test.cpp:14)
==700== 
&lt;b&gt;MPK&lt;/b&gt; ==700== 537 bytes in 1 blocks are still reachable in loss record 7 of 7
==700==    at 0x4C2A203: operator new(unsigned long) (vg_replace_malloc.c:334)
==700==    by 0x50F9CF8: std::string::_Rep::_S_create(unsigned long, unsigned long, std::allocator&amp;lt;char&amp;gt; const&amp;amp;) (in /usr/lib64/libstdc++.so.6.0.19)
==700==    by 0x50FA90A: std::string::_Rep::_M_clone(std::allocator&amp;lt;char&amp;gt; const&amp;amp;, unsigned long) (in /usr/lib64/libstdc++.so.6.0.19)
==700==    by 0x50FA9B3: std::string::reserve(unsigned long) (in /usr/lib64/libstdc++.so.6.0.19)
==700==    by 0x50D7675: std::basic_stringbuf&amp;lt;char, std::char_traits&amp;lt;char&amp;gt;, std::allocator&amp;lt;char&amp;gt; &amp;gt;::overflow(int) (in /usr/lib64/libstdc++.so.6.0.19)
==700==    by 0x50DBDE5: std::basic_streambuf&amp;lt;char, std::char_traits&amp;lt;char&amp;gt; &amp;gt;::xsputn(char const*, long) (in /usr/lib64/libstdc++.so.6.0.19)
==700==    by 0x50C7DF1: std::ostreambuf_iterator&amp;lt;char, std::char_traits&amp;lt;char&amp;gt; &amp;gt; std::num_put&amp;lt;char, std::ostreambuf_iterator&amp;lt;char, std::char_traits&amp;lt;char&amp;gt; &amp;gt; &amp;gt;::_M_insert_float&amp;lt;double&amp;gt;(std::ostreambuf_iterator&amp;lt;char, std::char_traits&amp;lt;char&amp;gt; &amp;gt;, std::ios_base&amp;amp;, char, char, double) const (in /usr/lib64/libstdc++.so.6.0.19)
==700==    by 0x50C7F0F: std::num_put&amp;lt;char, std::ostreambuf_iterator&amp;lt;char, std::char_traits&amp;lt;char&amp;gt; &amp;gt; &amp;gt;::do_put(std::ostreambuf_iterator&amp;lt;char, std::char_traits&amp;lt;char&amp;gt; &amp;gt;, std::ios_base&amp;amp;, char, double) const (in /usr/lib64/libstdc++.so.6.0.19)
==700==    by 0x50D3B14: std::ostream&amp;amp; std::ostream::_M_insert&amp;lt;double&amp;gt;(double) (in /usr/lib64/libstdc++.so.6.0.19)
==700==    by 0x4E3857F: Dvector::display(std::ostream&amp;amp;) (Dvector.cpp:121)
==700==    by 0x40184D: main (Operator_test.cpp:26)
==700== 
Operator_test: /user/5/.base/poupeaua/home/Documents/2A/modelisation/TP1_balloua_poupeaua/test/Operator_test.cpp:27: int main(): Assertion `str.str() == &amp;quot;AA4.0\n4.0\n4.0\n&amp;quot;&amp;apos; failed.

	</Log>
	</Test>
	<Test Status="passed">
		<Name>TP3</Name>
		<Path>./test</Path>
		<FullName>./test/TP3</FullName>
		<FullCommandLine>/usr/bin/valgrind &quot;--log-file=/user/5/.base/poupeaua/home/Documents/2A/modelisation/TP1_balloua_poupeaua/build/Testing/Temporary/MemoryChecker.3.log&quot; &quot;-q&quot; &quot;--tool=memcheck&quot; &quot;--leak-check=yes&quot; &quot;--show-reachable=yes&quot; &quot;--num-callers=50&quot; &quot;/user/5/.base/poupeaua/home/Documents/2A/modelisation/TP1_balloua_poupeaua/build/test/Height_test&quot;</FullCommandLine>
		<Results>
			<Defect type="FIM">6</Defect>
		</Results>
	<Log>
&lt;b&gt;FIM&lt;/b&gt; ==703== Invalid free() / delete / delete[] / realloc()
==703==    at 0x4C2B18D: operator delete(void*) (vg_replace_malloc.c:576)
==703==    by 0x503D0BF: Height::~Height() (Height.cpp:70)
==703==    by 0x400ED3: main (Height_test.cpp:15)
==703==  Address 0xffefff360 is on thread 1&amp;apos;s stack
==703==  in frame #2, created by main (Height_test.cpp:3)
==703== 
&lt;b&gt;FIM&lt;/b&gt; ==703== Invalid free() / delete / delete[] / realloc()
==703==    at 0x4C2B63D: operator delete[](void*) (vg_replace_malloc.c:621)
==703==    by 0x4E384BC: Dvector::~Dvector() (Dvector.cpp:108)
==703==    by 0x503D0CF: Height::~Height() (Height.cpp:68)
==703==    by 0x400ED3: main (Height_test.cpp:15)
==703==  Address 0x5e22b20 is 0 bytes inside a block of size 200 free&amp;apos;d
==703==    at 0x4C2B63D: operator delete[](void*) (vg_replace_malloc.c:621)
==703==    by 0x4E384BC: Dvector::~Dvector() (Dvector.cpp:108)
==703==    by 0x503D0B7: Height::~Height() (Height.cpp:70)
==703==    by 0x400ED3: main (Height_test.cpp:15)
==703==  Block was alloc&amp;apos;d at
==703==    at 0x4C2A8A8: operator new[](unsigned long) (vg_replace_malloc.c:423)
==703==    by 0x4E3893E: Dvector::operator=(Dvector const&amp;amp;) (Dvector.cpp:229)
==703==    by 0x503CF2D: Height::Height(Height const&amp;amp;) (Height.cpp:38)
==703==    by 0x400E8E: main (Height_test.cpp:15)
==703== 
&lt;b&gt;FIM&lt;/b&gt; ==703== Invalid free() / delete / delete[] / realloc()
==703==    at 0x4C2B18D: operator delete(void*) (vg_replace_malloc.c:576)
==703==    by 0x503D0BF: Height::~Height() (Height.cpp:70)
==703==    by 0x400EDF: main (Height_test.cpp:13)
==703==  Address 0xffefff340 is on thread 1&amp;apos;s stack
==703==  in frame #2, created by main (Height_test.cpp:3)
==703== 
&lt;b&gt;FIM&lt;/b&gt; ==703== Invalid free() / delete / delete[] / realloc()
==703==    at 0x4C2B63D: operator delete[](void*) (vg_replace_malloc.c:621)
==703==    by 0x4E384BC: Dvector::~Dvector() (Dvector.cpp:108)
==703==    by 0x503D0CF: Height::~Height() (Height.cpp:68)
==703==    by 0x400EDF: main (Height_test.cpp:13)
==703==  Address 0x5e228b0 is 0 bytes inside a block of size 200 free&amp;apos;d
==703==    at 0x4C2B63D: operator delete[](void*) (vg_replace_malloc.c:621)
==703==    by 0x4E384BC: Dvector::~Dvector() (Dvector.cpp:108)
==703==    by 0x503D0B7: Height::~Height() (Height.cpp:70)
==703==    by 0x400EDF: main (Height_test.cpp:13)
==703==  Block was alloc&amp;apos;d at
==703==    at 0x4C2A8A8: operator new[](unsigned long) (vg_replace_malloc.c:423)
==703==    by 0x4E3893E: Dvector::operator=(Dvector const&amp;amp;) (Dvector.cpp:229)
==703==    by 0x503CDF3: Height::Height(int, int, double) (Height.cpp:19)
==703==    by 0x400E7B: main (Height_test.cpp:13)
==703== 
&lt;b&gt;FIM&lt;/b&gt; ==703== Invalid free() / delete / delete[] / realloc()
==703==    at 0x4C2B18D: operator delete(void*) (vg_replace_malloc.c:576)
==703==    by 0x503D0BF: Height::~Height() (Height.cpp:70)
==703==    by 0x400EEB: main (Height_test.cpp:19)
==703==  Address 0xffefff320 is on thread 1&amp;apos;s stack
==703==  in frame #2, created by main (Height_test.cpp:3)
==703== 
&lt;b&gt;FIM&lt;/b&gt; ==703== Invalid free() / delete / delete[] / realloc()
==703==    at 0x4C2B63D: operator delete[](void*) (vg_replace_malloc.c:621)
==703==    by 0x4E384BC: Dvector::~Dvector() (Dvector.cpp:108)
==703==    by 0x503D0CF: Height::~Height() (Height.cpp:68)
==703==    by 0x400EEB: main (Height_test.cpp:19)
==703==  Address 0x5e223f0 is 0 bytes inside a block of size 800 free&amp;apos;d
==703==    at 0x4C2B63D: operator delete[](void*) (vg_replace_malloc.c:621)
==703==    by 0x4E384BC: Dvector::~Dvector() (Dvector.cpp:108)
==703==    by 0x503D0B7: Height::~Height() (Height.cpp:70)
==703==    by 0x400EEB: main (Height_test.cpp:19)
==703==  Block was alloc&amp;apos;d at
==703==    at 0x4C2A8A8: operator new[](unsigned long) (vg_replace_malloc.c:423)
==703==    by 0x4E3893E: Dvector::operator=(Dvector const&amp;amp;) (Dvector.cpp:229)
==703==    by 0x503CDF3: Height::Height(int, int, double) (Height.cpp:19)
==703==    by 0x400DCF: main (Height_test.cpp:5)
==703== 
10
10
0
3

	</Log>
	</Test>
	<DefectList>
		<Defect Type="FIM"/>
		<Defect Type="Potential Memory Leak"/>
	</DefectList>
	<EndDateTime>Mar 30 16:00 CEST</EndDateTime>
	<EndTestTime>1522418436</EndTestTime>
<ElapsedMinutes>0</ElapsedMinutes>
</DynamicAnalysis>
</Site>
