<?xml version="1.0" encoding="UTF-8"?>
<Site BuildName="Linux-c++"
	BuildStamp="20180330-1353-Experimental"
	Name="ensipc369"
	Generator="ctest-2.8.12.2"
	CompilerName="/usr/bin/c++"
	OSName="Linux"
	Hostname="ensipc369"
	OSRelease="3.10.0-693.21.1.el7.x86_64"
	OSVersion="#1 SMP Wed Mar 7 19:03:37 UTC 2018"
	OSPlatform="x86_64"
	Is64Bits="1"
	VendorString="GenuineIntel"
	VendorID="Intel Corporation"
	FamilyID="6"
	ModelID="60"
	ProcessorCacheSize="6144"
	NumberOfLogicalCPU="4"
	NumberOfPhysicalCPU="4"
	TotalVirtualMemory="0"
	TotalPhysicalMemory="15830"
	LogicalProcessorsPerPhysical="1"
	ProcessorClockFrequency="3264.29"
>
<Testing>
	<StartDateTime>Mar 30 15:53 CEST</StartDateTime>
	<StartTestTime>1522418009</StartTestTime>
	<TestList>
		<Test>./test/TP1</Test>
		<Test>./test/TP2</Test>
		<Test>./test/TP3</Test>
	</TestList>
	<Test Status="passed">
		<Name>TP1</Name>
		<Path>./test</Path>
		<FullName>./test/TP1</FullName>
		<FullCommandLine>/user/5/.base/poupeaua/home/Documents/2A/modelisation/TP1_balloua_poupeaua/build/test/Dvector_test</FullCommandLine>
		<Results>
			<NamedMeasurement type="numeric/double" name="Execution Time"><Value>0.00715017</Value></NamedMeasurement>
			<NamedMeasurement type="text/string" name="Completion Status"><Value>Completed</Value></NamedMeasurement>
			<NamedMeasurement type="text/string" name="Command Line"><Value>/user/5/.base/poupeaua/home/Documents/2A/modelisation/TP1_balloua_poupeaua/build/test/Dvector_test</Value></NamedMeasurement>
			<Measurement>
				<Value>OK
</Value>
			</Measurement>
		</Results>
	</Test>
	<Test Status="passed">
		<Name>TP2</Name>
		<Path>./test</Path>
		<FullName>./test/TP2</FullName>
		<FullCommandLine>/user/5/.base/poupeaua/home/Documents/2A/modelisation/TP1_balloua_poupeaua/build/test/Operator_test</FullCommandLine>
		<Results>
			<NamedMeasurement type="numeric/double" name="Execution Time"><Value>0.00323319</Value></NamedMeasurement>
			<NamedMeasurement type="text/string" name="Completion Status"><Value>Completed</Value></NamedMeasurement>
			<NamedMeasurement type="text/string" name="Command Line"><Value>/user/5/.base/poupeaua/home/Documents/2A/modelisation/TP1_balloua_poupeaua/build/test/Operator_test</Value></NamedMeasurement>
			<Measurement>
				<Value>OK
</Value>
			</Measurement>
		</Results>
	</Test>
	<Test Status="failed">
		<Name>TP3</Name>
		<Path>./test</Path>
		<FullName>./test/TP3</FullName>
		<FullCommandLine>/user/5/.base/poupeaua/home/Documents/2A/modelisation/TP1_balloua_poupeaua/build/test/Height_test</FullCommandLine>
		<Results>
			<NamedMeasurement type="text/string" name="Exit Code"><Value>SEGFAULT</Value></NamedMeasurement>
			<NamedMeasurement type="text/string" name="Exit Value"><Value>1</Value></NamedMeasurement>
			<NamedMeasurement type="numeric/double" name="Execution Time"><Value>0.00327897</Value></NamedMeasurement>
			<NamedMeasurement type="text/string" name="Completion Status"><Value>Completed</Value></NamedMeasurement>
			<NamedMeasurement type="text/string" name="Command Line"><Value>/user/5/.base/poupeaua/home/Documents/2A/modelisation/TP1_balloua_poupeaua/build/test/Height_test</Value></NamedMeasurement>
			<Measurement>
				<Value>10
10
0
3
</Value>
			</Measurement>
		</Results>
	</Test>
	<EndDateTime>Mar 30 15:53 CEST</EndDateTime>
	<EndTestTime>1522418009</EndTestTime>
<ElapsedMinutes>0</ElapsedMinutes></Testing>
</Site>
